2026-02-06 11:46:54,160 :: 2910 [restartedMain] INFO  com.hrms.HrmsApplication - Starting HrmsApplication using Java 25.0.1 with PID 5268 (D:\jiffyhrms\hrms\target\classes started by HP in D:\jiffyhrms\hrms)
2026-02-06 11:46:54,171 :: 2921 [restartedMain] DEBUG com.hrms.HrmsApplication - Running with Spring Boot v4.0.1, Spring v7.0.2
2026-02-06 11:46:54,173 :: 2923 [restartedMain] INFO  com.hrms.HrmsApplication - No active profile set, falling back to 1 default profile: "default"
2026-02-06 11:47:02,927 :: 11677 [restartedMain] INFO  o.a.coyote.http11.Http11NioProtocol - Initializing ProtocolHandler ["http-nio-8080"]
2026-02-06 11:47:02,945 :: 11695 [restartedMain] INFO  o.a.catalina.core.StandardService - Starting service [Tomcat]
2026-02-06 11:47:02,949 :: 11699 [restartedMain] INFO  o.a.catalina.core.StandardEngine - Starting Servlet engine: [Apache Tomcat/11.0.15]
2026-02-06 11:47:03,440 :: 12190 [restartedMain] DEBUG com.zaxxer.hikari.util.UtilityElf - Class com.mysql.cj.jdbc.Driver found in Thread context class loader TomcatEmbeddedWebappClassLoader
  context: ROOT
  delegate: true
----------> Parent Classloader:
org.springframework.boot.devtools.restart.classloader.RestartClassLoader@1eb26aac

2026-02-06 11:47:03,959 :: 12709 [restartedMain] DEBUG org.jboss.logging - Logging Provider: org.jboss.logging.Slf4jLoggerProvider found via system property
2026-02-06 11:47:06,698 :: 15448 [restartedMain] DEBUG com.zaxxer.hikari.HikariConfig - HikariPool-1 - configuration:
2026-02-06 11:47:06,705 :: 15455 [restartedMain] DEBUG com.zaxxer.hikari.HikariConfig - allowPoolSuspension.............false
2026-02-06 11:47:06,705 :: 15455 [restartedMain] DEBUG com.zaxxer.hikari.HikariConfig - autoCommit......................true
2026-02-06 11:47:06,706 :: 15456 [restartedMain] DEBUG com.zaxxer.hikari.HikariConfig - catalog.........................none
2026-02-06 11:47:06,706 :: 15456 [restartedMain] DEBUG com.zaxxer.hikari.HikariConfig - connectionInitSql...............none
2026-02-06 11:47:06,706 :: 15456 [restartedMain] DEBUG com.zaxxer.hikari.HikariConfig - connectionTestQuery.............none
2026-02-06 11:47:06,712 :: 15462 [restartedMain] DEBUG com.zaxxer.hikari.HikariConfig - connectionTimeout...............30000
2026-02-06 11:47:06,712 :: 15462 [restartedMain] DEBUG com.zaxxer.hikari.HikariConfig - credentials.....................com.zaxxer.hikari.util.Credentials@6e3e8124
2026-02-06 11:47:06,713 :: 15463 [restartedMain] DEBUG com.zaxxer.hikari.HikariConfig - credentialsProvider.............none
2026-02-06 11:47:06,714 :: 15464 [restartedMain] DEBUG com.zaxxer.hikari.HikariConfig - credentialsProviderClassName....none
2026-02-06 11:47:06,716 :: 15466 [restartedMain] DEBUG com.zaxxer.hikari.HikariConfig - dataSource......................none
2026-02-06 11:47:06,716 :: 15466 [restartedMain] DEBUG com.zaxxer.hikari.HikariConfig - dataSourceClassName.............none
2026-02-06 11:47:06,716 :: 15466 [restartedMain] DEBUG com.zaxxer.hikari.HikariConfig - dataSourceJNDI..................none
2026-02-06 11:47:06,717 :: 15467 [restartedMain] DEBUG com.zaxxer.hikari.HikariConfig - dataSourceProperties............{password=<masked>}
2026-02-06 11:47:06,719 :: 15469 [restartedMain] DEBUG com.zaxxer.hikari.HikariConfig - driverClassName................."com.mysql.cj.jdbc.Driver"
2026-02-06 11:47:06,720 :: 15470 [restartedMain] DEBUG com.zaxxer.hikari.HikariConfig - exceptionOverride...............none
2026-02-06 11:47:06,721 :: 15471 [restartedMain] DEBUG com.zaxxer.hikari.HikariConfig - exceptionOverrideClassName......none
2026-02-06 11:47:06,722 :: 15472 [restartedMain] DEBUG com.zaxxer.hikari.HikariConfig - healthCheckProperties...........{}
2026-02-06 11:47:06,722 :: 15472 [restartedMain] DEBUG com.zaxxer.hikari.HikariConfig - healthCheckRegistry.............none
2026-02-06 11:47:06,724 :: 15474 [restartedMain] DEBUG com.zaxxer.hikari.HikariConfig - idleTimeout.....................600000
2026-02-06 11:47:06,724 :: 15474 [restartedMain] DEBUG com.zaxxer.hikari.HikariConfig - initializationFailTimeout.......1
2026-02-06 11:47:06,726 :: 15476 [restartedMain] DEBUG com.zaxxer.hikari.HikariConfig - isolateInternalQueries..........false
2026-02-06 11:47:06,741 :: 15491 [restartedMain] DEBUG com.zaxxer.hikari.HikariConfig - jdbcUrl.........................jdbc:mysql://localhost:3306/jiffyhrms?createDatabaseIfNotExist=true&useSSL=false&allowPublicKeyRetrieval=true
2026-02-06 11:47:06,743 :: 15493 [restartedMain] DEBUG com.zaxxer.hikari.HikariConfig - keepaliveTime...................120000
2026-02-06 11:47:06,744 :: 15494 [restartedMain] DEBUG com.zaxxer.hikari.HikariConfig - leakDetectionThreshold..........0
2026-02-06 11:47:06,744 :: 15494 [restartedMain] DEBUG com.zaxxer.hikari.HikariConfig - maxLifetime.....................1800000
2026-02-06 11:47:06,744 :: 15494 [restartedMain] DEBUG com.zaxxer.hikari.HikariConfig - maximumPoolSize.................10
2026-02-06 11:47:06,744 :: 15494 [restartedMain] DEBUG com.zaxxer.hikari.HikariConfig - metricRegistry..................none
2026-02-06 11:47:06,744 :: 15494 [restartedMain] DEBUG com.zaxxer.hikari.HikariConfig - metricsTrackerFactory...........none
2026-02-06 11:47:06,744 :: 15494 [restartedMain] DEBUG com.zaxxer.hikari.HikariConfig - minimumIdle.....................10
2026-02-06 11:47:06,745 :: 15495 [restartedMain] DEBUG com.zaxxer.hikari.HikariConfig - password........................<masked>
2026-02-06 11:47:06,746 :: 15496 [restartedMain] DEBUG com.zaxxer.hikari.HikariConfig - poolName........................"HikariPool-1"
2026-02-06 11:47:06,746 :: 15496 [restartedMain] DEBUG com.zaxxer.hikari.HikariConfig - readOnly........................false
2026-02-06 11:47:06,746 :: 15496 [restartedMain] DEBUG com.zaxxer.hikari.HikariConfig - registerMbeans..................false
2026-02-06 11:47:06,746 :: 15496 [restartedMain] DEBUG com.zaxxer.hikari.HikariConfig - scheduledExecutor...............none
2026-02-06 11:47:06,746 :: 15496 [restartedMain] DEBUG com.zaxxer.hikari.HikariConfig - schema..........................none
2026-02-06 11:47:06,746 :: 15496 [restartedMain] DEBUG com.zaxxer.hikari.HikariConfig - threadFactory...................internal
2026-02-06 11:47:06,747 :: 15497 [restartedMain] DEBUG com.zaxxer.hikari.HikariConfig - transactionIsolation............default
2026-02-06 11:47:06,747 :: 15497 [restartedMain] DEBUG com.zaxxer.hikari.HikariConfig - username........................"hrms_user"
2026-02-06 11:47:06,747 :: 15497 [restartedMain] DEBUG com.zaxxer.hikari.HikariConfig - validationTimeout...............5000
2026-02-06 11:47:06,747 :: 15497 [restartedMain] INFO  com.zaxxer.hikari.HikariDataSource - HikariPool-1 - Starting...
2026-02-06 11:47:07,316 :: 16066 [restartedMain] INFO  com.zaxxer.hikari.HikariDataSource - HikariPool-1 - Start completed.
2026-02-06 11:47:21,531 :: 30281 [restartedMain] DEBUG com.hrms.filter.JwtRequestFilter - Filter 'jwtRequestFilter' configured for use
2026-02-06 11:47:33,076 :: 41826 [restartedMain] DEBUG _.s.w.s.HandlerMapping.Mappings - 
	c.h.c.AttendanceController:
	{GET [/api/attendance/status/{empId}]}: getStatus(Integer)
	{POST [/api/attendance/check-out]}: checkOut(Integer,String)
	{GET [/api/attendance/logs/{empId}]}: getLogs(Integer)
	{POST [/api/attendance/check-in]}: checkIn(Integer,String)
	{POST [/api/attendance/reconcile-full], consumes [multipart/form-data]}: reconcileFull(MultipartFile,String)
	{GET [/api/attendance/report/monthly]}: getMonthlyReport(Integer,int)
	{GET [/api/attendance/report/daily]}: getDailyReport(Integer,int,int)
	{POST [/api/attendance/reconcile-multi], consumes [multipart/form-data]}: reconcileMultiSource(MultipartFile,String)
2026-02-06 11:47:33,112 :: 41862 [restartedMain] DEBUG _.s.w.s.HandlerMapping.Mappings - 
	c.h.c.AuthController:
	{POST [/api/auth/login]}: login(LoginRequest)
2026-02-06 11:47:33,174 :: 41924 [restartedMain] DEBUG _.s.w.s.HandlerMapping.Mappings - 
	c.h.c.CompanyController:
	{GET [/api/companies]}: getAllCompanies()
2026-02-06 11:47:33,180 :: 41930 [restartedMain] DEBUG _.s.w.s.HandlerMapping.Mappings - 
	c.h.c.DetailsController:
	{GET [/api/master/designations]}: getDesignations(Long)
	{GET [/api/master/departments]}: getDepartments(Long)
2026-02-06 11:47:33,205 :: 41955 [restartedMain] DEBUG _.s.w.s.HandlerMapping.Mappings - 
	c.h.c.EmployeeController:
	{POST [/api/employees]}: addEmployee(Map)
	{GET [/api/employees/{id}]}: getEmployee(Integer)
	{GET [/api/employees]}: listEmployees(Long,Long,Long)
	{POST [/api/employees/delete/{id}]}: deleteEmployee(Integer)
	{POST [/api/employees/update/{id}]}: updateEmployee(Integer,Map)
2026-02-06 11:47:33,243 :: 41993 [restartedMain] DEBUG _.s.w.s.HandlerMapping.Mappings - 
	c.h.c.LeaveController:
	{GET [/api/leaves/history/{empId}]}: getHistory(Long)
	{GET [/api/leaves/pending]}: getPendingRequests()
	{GET [/api/leaves/balance/{empId}]}: getBalances(Long)
	{POST [/api/leaves/apply]}: applyForLeave(LeaveRequestDTO)
	{POST [/api/leaves/process/{requestId}]}: processLeave(Long,Map)
2026-02-06 11:47:33,247 :: 41997 [restartedMain] DEBUG _.s.w.s.HandlerMapping.Mappings - 
	c.h.c.MenuController:
	{GET [/api/menus/{roleId}]}: getUserMenus(Long)
2026-02-06 11:47:33,265 :: 42015 [restartedMain] DEBUG _.s.w.s.HandlerMapping.Mappings - 
	c.h.c.SalaryController:
	{GET [/api/salary/download]}: downloadSalarySlip(Integer,String,int,Principal)
2026-02-06 11:47:33,277 :: 42027 [restartedMain] DEBUG _.s.w.s.HandlerMapping.Mappings - 
	o.s.b.w.a.e.BasicErrorController:
	{ [/error]}: error(HttpServletRequest)
	{ [/error], produces [text/html]}: errorHtml(HttpServletRequest,HttpServletResponse)
2026-02-06 11:47:33,461 :: 42211 [restartedMain] DEBUG _.s.w.s.HandlerMapping.Mappings - 
	o.s.w.a.OpenApiWebMvcResource:
	{GET [/v3/api-docs], produces [application/json]}: openapiJson(HttpServletRequest,String,Locale)
	{GET [/v3/api-docs.yaml], produces [application/vnd.oai.openapi]}: openapiYaml(HttpServletRequest,String,Locale)
2026-02-06 11:47:33,465 :: 42215 [restartedMain] DEBUG _.s.w.s.HandlerMapping.Mappings - 
	o.s.w.u.SwaggerWelcomeWebMvc:
	{GET [/swagger-ui.html]}: redirectToUi(HttpServletRequest)
2026-02-06 11:47:33,471 :: 42221 [restartedMain] DEBUG _.s.w.s.HandlerMapping.Mappings - 
	o.s.w.u.SwaggerConfigResource:
	{GET [/v3/api-docs/swagger-config], produces [application/json]}: openapiJson(HttpServletRequest)
2026-02-06 11:47:33,558 :: 42308 [restartedMain] DEBUG _.s.w.s.HandlerMapping.Mappings - 'beanNameHandlerMapping' {}
2026-02-06 11:47:33,661 :: 42411 [restartedMain] DEBUG _.s.w.s.HandlerMapping.Mappings - 'resourceHandlerMapping' {/webjars/**=ResourceHttpRequestHandler [classpath [META-INF/resources/webjars/]], /**=ResourceHttpRequestHandler [classpath [META-INF/resources/], classpath [resources/], classpath [static/], classpath [public/], ServletContext [/]], /swagger-ui*/*swagger-initializer.js=ResourceHttpRequestHandler [classpath [META-INF/resources/webjars/]], /swagger-ui*/**=ResourceHttpRequestHandler [classpath [META-INF/resources/webjars/]]}
2026-02-06 11:47:35,198 :: 43948 [restartedMain] INFO  o.a.coyote.http11.Http11NioProtocol - Starting ProtocolHandler ["http-nio-8080"]
2026-02-06 11:47:35,317 :: 44067 [restartedMain] INFO  com.hrms.HrmsApplication - Started HrmsApplication in 43.18 seconds (process running for 46.168)
2026-02-06 11:47:46,104 :: 54854 [http-nio-8080-exec-1] INFO  o.a.tomcat.util.http.parser.Cookie - A cookie header was received [g_state={"i_l":0};] that contained an invalid cookie. That cookie will be ignored.
 Note: further occurrences of this error will be logged at DEBUG level.
2026-02-06 11:47:46,114 :: 54864 [http-nio-8080-exec-1] INFO  o.a.c.c.C.[Tomcat].[localhost].[/] - Initializing Spring DispatcherServlet 'dispatcherServlet'
2026-02-06 11:47:52,148 :: 60898 [http-nio-8080-exec-9] DEBUG i.s.v.c.c.ModelConverterContextImpl - resolve class java.lang.Long
2026-02-06 11:47:52,175 :: 60925 [http-nio-8080-exec-9] DEBUG i.s.v.c.c.ModelConverterContextImpl - resolve java.util.Map<java.lang.String, java.lang.String>
2026-02-06 11:47:52,184 :: 60934 [http-nio-8080-exec-9] DEBUG i.s.v.c.c.ModelConverterContextImpl - resolve [simple type, class java.lang.String]
2026-02-06 11:47:52,234 :: 60984 [http-nio-8080-exec-9] DEBUG i.s.v.c.c.ModelConverterContextImpl - resolve org.springframework.http.ResponseEntity<java.lang.Object>
2026-02-06 11:47:52,236 :: 60986 [http-nio-8080-exec-9] DEBUG i.s.v.c.c.ModelConverterContextImpl - resolve [simple type, class java.lang.Object]
2026-02-06 11:47:52,251 :: 61001 [http-nio-8080-exec-9] DEBUG i.s.v.c.c.ModelConverterContextImpl - resolve class com.hrms.dto.LeaveRequestDTO
2026-02-06 11:47:52,340 :: 61090 [http-nio-8080-exec-9] DEBUG i.s.v.c.c.ModelConverterContextImpl - resolve [simple type, class java.lang.Integer]
2026-02-06 11:47:52,619 :: 61369 [http-nio-8080-exec-9] DEBUG i.s.v.c.c.ModelConverterContextImpl - resolve [simple type, class java.time.LocalDate]
2026-02-06 11:47:52,656 :: 61406 [http-nio-8080-exec-9] DEBUG i.s.v.c.c.ModelConverterContextImpl - resolve [simple type, class java.lang.String]
2026-02-06 11:47:52,694 :: 61444 [http-nio-8080-exec-9] DEBUG i.s.v.c.c.ModelConverterContextImpl - resolve org.springframework.http.ResponseEntity<java.lang.Object>
2026-02-06 11:47:52,694 :: 61444 [http-nio-8080-exec-9] DEBUG i.s.v.c.c.ModelConverterContextImpl - resolve [simple type, class java.lang.Object]
2026-02-06 11:47:52,697 :: 61447 [http-nio-8080-exec-9] DEBUG i.s.v.c.c.ModelConverterContextImpl - resolve java.util.Map<java.lang.String, java.lang.Object>
2026-02-06 11:47:52,698 :: 61448 [http-nio-8080-exec-9] DEBUG i.s.v.c.c.ModelConverterContextImpl - resolve [simple type, class java.lang.Object]
2026-02-06 11:47:52,701 :: 61451 [http-nio-8080-exec-9] DEBUG i.s.v.c.c.ModelConverterContextImpl - resolve org.springframework.http.ResponseEntity<java.lang.Object>
2026-02-06 11:47:52,702 :: 61452 [http-nio-8080-exec-9] DEBUG i.s.v.c.c.ModelConverterContextImpl - resolve [simple type, class java.lang.Object]
2026-02-06 11:47:52,704 :: 61454 [http-nio-8080-exec-9] DEBUG i.s.v.c.c.ModelConverterContextImpl - resolve class java.lang.Integer
2026-02-06 11:47:52,706 :: 61456 [http-nio-8080-exec-9] DEBUG i.s.v.c.c.ModelConverterContextImpl - resolve java.util.Map<java.lang.String, java.lang.Object>
2026-02-06 11:47:52,707 :: 61457 [http-nio-8080-exec-9] DEBUG i.s.v.c.c.ModelConverterContextImpl - resolve [simple type, class java.lang.Object]
2026-02-06 11:47:52,710 :: 61460 [http-nio-8080-exec-9] DEBUG i.s.v.c.c.ModelConverterContextImpl - resolve org.springframework.http.ResponseEntity<java.lang.Object>
2026-02-06 11:47:52,710 :: 61460 [http-nio-8080-exec-9] DEBUG i.s.v.c.c.ModelConverterContextImpl - resolve [simple type, class java.lang.Object]
2026-02-06 11:47:52,716 :: 61466 [http-nio-8080-exec-9] DEBUG i.s.v.c.c.ModelConverterContextImpl - resolve class java.lang.Integer
2026-02-06 11:47:52,724 :: 61474 [http-nio-8080-exec-9] DEBUG i.s.v.c.c.ModelConverterContextImpl - resolve org.springframework.http.ResponseEntity<java.lang.String>
2026-02-06 11:47:52,724 :: 61474 [http-nio-8080-exec-9] DEBUG i.s.v.c.c.ModelConverterContextImpl - resolve [simple type, class java.lang.String]
2026-02-06 11:47:52,732 :: 61482 [http-nio-8080-exec-9] DEBUG i.s.v.c.c.ModelConverterContextImpl - resolve class com.hrms.dto.LoginRequest
2026-02-06 11:47:52,736 :: 61486 [http-nio-8080-exec-9] DEBUG i.s.v.c.c.ModelConverterContextImpl - resolve [simple type, class java.lang.String]
2026-02-06 11:47:52,741 :: 61491 [http-nio-8080-exec-9] DEBUG i.s.v.c.c.ModelConverterContextImpl - resolve org.springframework.http.ResponseEntity<com.hrms.dto.AuthResponse>
2026-02-06 11:47:52,741 :: 61491 [http-nio-8080-exec-9] DEBUG i.s.v.c.c.ModelConverterContextImpl - resolve [simple type, class com.hrms.dto.AuthResponse]
2026-02-06 11:47:52,749 :: 61499 [http-nio-8080-exec-9] DEBUG i.s.v.c.c.ModelConverterContextImpl - resolve [simple type, class java.lang.String]
2026-02-06 11:47:52,759 :: 61509 [http-nio-8080-exec-9] DEBUG i.s.v.c.c.ModelConverterContextImpl - resolve interface org.springframework.web.multipart.MultipartFile
2026-02-06 11:47:52,762 :: 61512 [http-nio-8080-exec-9] DEBUG i.s.v.c.c.ModelConverterContextImpl - resolve class java.lang.String
2026-02-06 11:47:52,764 :: 61514 [http-nio-8080-exec-9] DEBUG i.s.v.c.c.ModelConverterContextImpl - resolve org.springframework.http.ResponseEntity<java.lang.Object>
2026-02-06 11:47:52,765 :: 61515 [http-nio-8080-exec-9] DEBUG i.s.v.c.c.ModelConverterContextImpl - resolve [simple type, class java.lang.Object]
2026-02-06 11:47:52,770 :: 61520 [http-nio-8080-exec-9] DEBUG i.s.v.c.c.ModelConverterContextImpl - resolve interface org.springframework.web.multipart.MultipartFile
2026-02-06 11:47:52,771 :: 61521 [http-nio-8080-exec-9] DEBUG i.s.v.c.c.ModelConverterContextImpl - resolve class java.lang.String
2026-02-06 11:47:52,774 :: 61524 [http-nio-8080-exec-9] DEBUG i.s.v.c.c.ModelConverterContextImpl - resolve org.springframework.http.ResponseEntity<java.lang.Object>
2026-02-06 11:47:52,774 :: 61524 [http-nio-8080-exec-9] DEBUG i.s.v.c.c.ModelConverterContextImpl - resolve [simple type, class java.lang.Object]
2026-02-06 11:47:52,777 :: 61527 [http-nio-8080-exec-9] DEBUG i.s.v.c.c.ModelConverterContextImpl - resolve class java.lang.Integer
2026-02-06 11:47:52,779 :: 61529 [http-nio-8080-exec-9] DEBUG i.s.v.c.c.ModelConverterContextImpl - resolve class java.lang.String
2026-02-06 11:47:52,786 :: 61536 [http-nio-8080-exec-9] DEBUG i.s.v.c.c.ModelConverterContextImpl - resolve org.springframework.http.ResponseEntity<java.lang.String>
2026-02-06 11:47:52,786 :: 61536 [http-nio-8080-exec-9] DEBUG i.s.v.c.c.ModelConverterContextImpl - resolve [simple type, class java.lang.String]
2026-02-06 11:47:52,789 :: 61539 [http-nio-8080-exec-9] DEBUG i.s.v.c.c.ModelConverterContextImpl - resolve class java.lang.Integer
2026-02-06 11:47:52,790 :: 61540 [http-nio-8080-exec-9] DEBUG i.s.v.c.c.ModelConverterContextImpl - resolve class java.lang.String
2026-02-06 11:47:52,793 :: 61543 [http-nio-8080-exec-9] DEBUG i.s.v.c.c.ModelConverterContextImpl - resolve org.springframework.http.ResponseEntity<java.lang.String>
2026-02-06 11:47:52,793 :: 61543 [http-nio-8080-exec-9] DEBUG i.s.v.c.c.ModelConverterContextImpl - resolve [simple type, class java.lang.String]
2026-02-06 11:47:52,800 :: 61550 [http-nio-8080-exec-9] DEBUG i.s.v.c.c.ModelConverterContextImpl - resolve class java.lang.Integer
2026-02-06 11:47:52,803 :: 61553 [http-nio-8080-exec-9] DEBUG i.s.v.c.c.ModelConverterContextImpl - resolve class java.lang.String
2026-02-06 11:47:52,805 :: 61555 [http-nio-8080-exec-9] DEBUG i.s.v.c.c.ModelConverterContextImpl - resolve int
2026-02-06 11:47:52,813 :: 61563 [http-nio-8080-exec-9] DEBUG i.s.v.c.c.ModelConverterContextImpl - resolve org.springframework.http.ResponseEntity<byte[]>
2026-02-06 11:47:52,813 :: 61563 [http-nio-8080-exec-9] DEBUG i.s.v.c.c.ModelConverterContextImpl - resolve [array type, component type: [simple type, class byte]]
2026-02-06 11:47:52,813 :: 61563 [http-nio-8080-exec-9] DEBUG i.s.v.c.c.ModelConverterContextImpl - resolve [simple type, class byte]
2026-02-06 11:47:52,818 :: 61568 [http-nio-8080-exec-9] DEBUG i.s.v.c.c.ModelConverterContextImpl - resolve class java.lang.Long
2026-02-06 11:47:52,820 :: 61570 [http-nio-8080-exec-9] DEBUG i.s.v.c.c.ModelConverterContextImpl - resolve org.springframework.http.ResponseEntity<java.util.List<com.hrms.entity.Menu>>
2026-02-06 11:47:52,821 :: 61571 [http-nio-8080-exec-9] DEBUG i.s.v.c.c.ModelConverterContextImpl - resolve [collection type; class java.util.List, contains [simple type, class com.hrms.entity.Menu]]
2026-02-06 11:47:52,822 :: 61572 [http-nio-8080-exec-9] DEBUG i.s.v.c.c.ModelConverterContextImpl - resolve [simple type, class com.hrms.entity.Menu]
2026-02-06 11:47:52,824 :: 61574 [http-nio-8080-exec-9] DEBUG i.s.v.c.c.ModelConverterContextImpl - resolve [simple type, class java.lang.Long]
2026-02-06 11:47:52,826 :: 61576 [http-nio-8080-exec-9] DEBUG i.s.v.c.c.ModelConverterContextImpl - resolve [simple type, class java.lang.String]
2026-02-06 11:47:52,828 :: 61578 [http-nio-8080-exec-9] DEBUG i.s.v.c.c.ModelConverterContextImpl - resolve [simple type, class java.lang.String]
2026-02-06 11:47:52,831 :: 61581 [http-nio-8080-exec-9] DEBUG i.s.v.c.c.ModelConverterContextImpl - resolve [simple type, class java.lang.Long]
2026-02-06 11:47:52,835 :: 61585 [http-nio-8080-exec-9] DEBUG i.s.v.c.c.ModelConverterContextImpl - resolve [simple type, class java.lang.Integer]
2026-02-06 11:47:52,839 :: 61589 [http-nio-8080-exec-9] DEBUG i.s.v.c.c.ModelConverterContextImpl - resolve [simple type, class java.lang.String]
2026-02-06 11:47:52,841 :: 61591 [http-nio-8080-exec-9] DEBUG i.s.v.c.c.ModelConverterContextImpl - resolve [simple type, class java.lang.Integer]
2026-02-06 11:47:52,843 :: 61593 [http-nio-8080-exec-9] DEBUG i.s.v.c.c.ModelConverterContextImpl - resolve [simple type, class java.lang.Integer]
2026-02-06 11:47:52,853 :: 61603 [http-nio-8080-exec-9] DEBUG i.s.v.c.c.ModelConverterContextImpl - resolve [simple type, class java.time.LocalDateTime]
2026-02-06 11:47:52,877 :: 61627 [http-nio-8080-exec-9] DEBUG i.s.v.c.c.ModelConverterContextImpl - resolve [simple type, class java.time.LocalDateTime]
2026-02-06 11:47:52,879 :: 61629 [http-nio-8080-exec-9] DEBUG i.s.v.c.c.ModelConverterContextImpl - resolve [simple type, class java.lang.Integer]
2026-02-06 11:47:52,884 :: 61634 [http-nio-8080-exec-9] DEBUG i.s.v.c.c.ModelConverterContextImpl - resolve class java.lang.Long
2026-02-06 11:47:52,886 :: 61636 [http-nio-8080-exec-9] DEBUG i.s.v.c.c.ModelConverterContextImpl - resolve java.util.List<com.hrms.entity.Designation>
2026-02-06 11:47:52,887 :: 61637 [http-nio-8080-exec-9] DEBUG i.s.v.c.c.ModelConverterContextImpl - resolve [simple type, class com.hrms.entity.Designation]
2026-02-06 11:47:52,889 :: 61639 [http-nio-8080-exec-9] DEBUG i.s.v.c.c.ModelConverterContextImpl - resolve [simple type, class java.lang.Long]
2026-02-06 11:47:52,891 :: 61641 [http-nio-8080-exec-9] DEBUG i.s.v.c.c.ModelConverterContextImpl - resolve [simple type, class java.lang.String]
2026-02-06 11:47:52,893 :: 61643 [http-nio-8080-exec-9] DEBUG i.s.v.c.c.ModelConverterContextImpl - resolve [simple type, class com.hrms.entity.Department]
2026-02-06 11:47:52,895 :: 61645 [http-nio-8080-exec-9] DEBUG i.s.v.c.c.ModelConverterContextImpl - resolve [simple type, class java.lang.Long]
2026-02-06 11:47:52,903 :: 61653 [http-nio-8080-exec-9] DEBUG i.s.v.c.c.ModelConverterContextImpl - resolve [simple type, class java.lang.String]
2026-02-06 11:47:52,904 :: 61654 [http-nio-8080-exec-9] DEBUG i.s.v.c.c.ModelConverterContextImpl - resolve [simple type, class java.lang.Integer]
2026-02-06 11:47:52,907 :: 61657 [http-nio-8080-exec-9] DEBUG i.s.v.c.c.ModelConverterContextImpl - resolve [simple type, class com.hrms.entity.Company]
2026-02-06 11:47:52,909 :: 61659 [http-nio-8080-exec-9] DEBUG i.s.v.c.c.ModelConverterContextImpl - resolve [simple type, class java.lang.Integer]
2026-02-06 11:47:52,911 :: 61661 [http-nio-8080-exec-9] DEBUG i.s.v.c.c.ModelConverterContextImpl - resolve [simple type, class java.lang.String]
2026-02-06 11:47:52,919 :: 61669 [http-nio-8080-exec-9] DEBUG i.s.v.c.c.ModelConverterContextImpl - resolve [simple type, class java.time.LocalDateTime]
2026-02-06 11:47:52,921 :: 61671 [http-nio-8080-exec-9] DEBUG i.s.v.c.c.ModelConverterContextImpl - resolve [simple type, class java.time.LocalDate]
2026-02-06 11:47:52,923 :: 61673 [http-nio-8080-exec-9] DEBUG i.s.v.c.c.ModelConverterContextImpl - resolve [simple type, class java.time.LocalDate]
2026-02-06 11:47:52,942 :: 61692 [http-nio-8080-exec-9] DEBUG i.s.v.c.c.ModelConverterContextImpl - resolve class java.lang.Long
2026-02-06 11:47:52,948 :: 61698 [http-nio-8080-exec-9] DEBUG i.s.v.c.c.ModelConverterContextImpl - resolve java.util.List<com.hrms.entity.Department>
2026-02-06 11:47:52,948 :: 61698 [http-nio-8080-exec-9] DEBUG i.s.v.c.c.ModelConverterContextImpl - resolve [simple type, class com.hrms.entity.Department]
2026-02-06 11:47:52,955 :: 61705 [http-nio-8080-exec-9] DEBUG i.s.v.c.c.ModelConverterContextImpl - resolve [simple type, class java.lang.Long]
2026-02-06 11:47:52,958 :: 61708 [http-nio-8080-exec-9] DEBUG i.s.v.c.c.ModelConverterContextImpl - resolve [simple type, class java.lang.String]
2026-02-06 11:47:52,959 :: 61709 [http-nio-8080-exec-9] DEBUG i.s.v.c.c.ModelConverterContextImpl - resolve [simple type, class java.lang.Integer]
2026-02-06 11:47:52,961 :: 61711 [http-nio-8080-exec-9] DEBUG i.s.v.c.c.ModelConverterContextImpl - resolve [simple type, class com.hrms.entity.Company]
2026-02-06 11:47:52,967 :: 61717 [http-nio-8080-exec-9] DEBUG i.s.v.c.c.ModelConverterContextImpl - resolve [simple type, class java.lang.Integer]
2026-02-06 11:47:52,970 :: 61720 [http-nio-8080-exec-9] DEBUG i.s.v.c.c.ModelConverterContextImpl - resolve [simple type, class java.lang.String]
2026-02-06 11:47:52,973 :: 61723 [http-nio-8080-exec-9] DEBUG i.s.v.c.c.ModelConverterContextImpl - resolve [simple type, class java.time.LocalDateTime]
2026-02-06 11:47:52,975 :: 61725 [http-nio-8080-exec-9] DEBUG i.s.v.c.c.ModelConverterContextImpl - resolve [simple type, class java.time.LocalDate]
2026-02-06 11:47:52,977 :: 61727 [http-nio-8080-exec-9] DEBUG i.s.v.c.c.ModelConverterContextImpl - resolve [simple type, class java.time.LocalDate]
2026-02-06 11:47:52,984 :: 61734 [http-nio-8080-exec-9] DEBUG i.s.v.c.c.ModelConverterContextImpl - resolve org.springframework.http.ResponseEntity<java.util.List<com.hrms.entity.LeaveRequest>>
2026-02-06 11:47:52,984 :: 61734 [http-nio-8080-exec-9] DEBUG i.s.v.c.c.ModelConverterContextImpl - resolve [collection type; class java.util.List, contains [simple type, class com.hrms.entity.LeaveRequest]]
2026-02-06 11:47:52,984 :: 61734 [http-nio-8080-exec-9] DEBUG i.s.v.c.c.ModelConverterContextImpl - resolve [simple type, class com.hrms.entity.LeaveRequest]
2026-02-06 11:47:52,986 :: 61736 [http-nio-8080-exec-9] DEBUG i.s.v.c.c.ModelConverterContextImpl - resolve [simple type, class java.lang.Integer]
2026-02-06 11:47:52,988 :: 61738 [http-nio-8080-exec-9] DEBUG i.s.v.c.c.ModelConverterContextImpl - resolve [simple type, class com.hrms.entity.Employee]
2026-02-06 11:47:52,991 :: 61741 [http-nio-8080-exec-9] DEBUG i.s.v.c.c.ModelConverterContextImpl - resolve [simple type, class java.lang.Integer]
2026-02-06 11:47:52,992 :: 61742 [http-nio-8080-exec-9] DEBUG i.s.v.c.c.ModelConverterContextImpl - resolve [simple type, class java.lang.String]
2026-02-06 11:47:52,994 :: 61744 [http-nio-8080-exec-9] DEBUG i.s.v.c.c.ModelConverterContextImpl - resolve [simple type, class java.lang.String]
2026-02-06 11:47:52,998 :: 61748 [http-nio-8080-exec-9] DEBUG i.s.v.c.c.ModelConverterContextImpl - resolve [simple type, class com.hrms.entity.Role]
2026-02-06 11:47:53,000 :: 61750 [http-nio-8080-exec-9] DEBUG i.s.v.c.c.ModelConverterContextImpl - resolve [simple type, class java.lang.Integer]
2026-02-06 11:47:53,003 :: 61753 [http-nio-8080-exec-9] DEBUG i.s.v.c.c.ModelConverterContextImpl - resolve [simple type, class java.lang.String]
2026-02-06 11:47:53,004 :: 61754 [http-nio-8080-exec-9] DEBUG i.s.v.c.c.ModelConverterContextImpl - resolve [simple type, class java.lang.Integer]
2026-02-06 11:47:53,006 :: 61756 [http-nio-8080-exec-9] DEBUG i.s.v.c.c.ModelConverterContextImpl - resolve [simple type, class java.time.LocalDateTime]
2026-02-06 11:47:53,008 :: 61758 [http-nio-8080-exec-9] DEBUG i.s.v.c.c.ModelConverterContextImpl - resolve [simple type, class com.hrms.entity.Company]
2026-02-06 11:47:53,010 :: 61760 [http-nio-8080-exec-9] DEBUG i.s.v.c.c.ModelConverterContextImpl - resolve [simple type, class java.lang.Integer]
2026-02-06 11:47:53,015 :: 61765 [http-nio-8080-exec-9] DEBUG i.s.v.c.c.ModelConverterContextImpl - resolve [simple type, class java.lang.String]
2026-02-06 11:47:53,021 :: 61771 [http-nio-8080-exec-9] DEBUG i.s.v.c.c.ModelConverterContextImpl - resolve [simple type, class java.time.LocalDateTime]
2026-02-06 11:47:53,023 :: 61773 [http-nio-8080-exec-9] DEBUG i.s.v.c.c.ModelConverterContextImpl - resolve [simple type, class java.time.LocalDate]
2026-02-06 11:47:53,025 :: 61775 [http-nio-8080-exec-9] DEBUG i.s.v.c.c.ModelConverterContextImpl - resolve [simple type, class java.time.LocalDate]
2026-02-06 11:47:53,030 :: 61780 [http-nio-8080-exec-9] DEBUG i.s.v.c.c.ModelConverterContextImpl - resolve [simple type, class com.hrms.entity.Department]
2026-02-06 11:47:53,033 :: 61783 [http-nio-8080-exec-9] DEBUG i.s.v.c.c.ModelConverterContextImpl - resolve [simple type, class java.lang.Long]
2026-02-06 11:47:53,037 :: 61787 [http-nio-8080-exec-9] DEBUG i.s.v.c.c.ModelConverterContextImpl - resolve [simple type, class java.lang.String]
2026-02-06 11:47:53,042 :: 61792 [http-nio-8080-exec-9] DEBUG i.s.v.c.c.ModelConverterContextImpl - resolve [simple type, class com.hrms.entity.Designation]
2026-02-06 11:47:53,043 :: 61793 [http-nio-8080-exec-9] DEBUG i.s.v.c.c.ModelConverterContextImpl - resolve [simple type, class java.lang.Long]
2026-02-06 11:47:53,047 :: 61797 [http-nio-8080-exec-9] DEBUG i.s.v.c.c.ModelConverterContextImpl - resolve [simple type, class java.lang.String]
2026-02-06 11:47:53,059 :: 61809 [http-nio-8080-exec-9] DEBUG i.s.v.c.c.ModelConverterContextImpl - resolve [simple type, class java.time.LocalDate]
2026-02-06 11:47:53,060 :: 61810 [http-nio-8080-exec-9] DEBUG i.s.v.c.c.ModelConverterContextImpl - resolve [simple type, class java.time.LocalDate]
2026-02-06 11:47:53,067 :: 61817 [http-nio-8080-exec-9] DEBUG i.s.v.c.c.ModelConverterContextImpl - resolve [simple type, class java.lang.String]
2026-02-06 11:47:53,072 :: 61822 [http-nio-8080-exec-9] DEBUG i.s.v.c.c.ModelConverterContextImpl - resolve [simple type, class java.lang.Integer]
2026-02-06 11:47:53,073 :: 61823 [http-nio-8080-exec-9] DEBUG i.s.v.c.c.ModelConverterContextImpl - resolve [simple type, class com.hrms.entity.LeaveType]
2026-02-06 11:47:53,075 :: 61825 [http-nio-8080-exec-9] DEBUG i.s.v.c.c.ModelConverterContextImpl - resolve [simple type, class java.lang.Integer]
2026-02-06 11:47:53,091 :: 61841 [http-nio-8080-exec-9] DEBUG i.s.v.c.c.ModelConverterContextImpl - resolve [simple type, class java.lang.String]
2026-02-06 11:47:53,093 :: 61843 [http-nio-8080-exec-9] DEBUG i.s.v.c.c.ModelConverterContextImpl - resolve [simple type, class java.lang.Integer]
2026-02-06 11:47:53,098 :: 61848 [http-nio-8080-exec-9] DEBUG i.s.v.c.c.ModelConverterContextImpl - resolve [simple type, class java.lang.Integer]
2026-02-06 11:47:53,099 :: 61849 [http-nio-8080-exec-9] DEBUG i.s.v.c.c.ModelConverterContextImpl - resolve [simple type, class java.lang.String]
2026-02-06 11:47:53,103 :: 61853 [http-nio-8080-exec-9] DEBUG i.s.v.c.c.ModelConverterContextImpl - resolve [simple type, class java.time.LocalDate]
2026-02-06 11:47:53,106 :: 61856 [http-nio-8080-exec-9] DEBUG i.s.v.c.c.ModelConverterContextImpl - resolve [simple type, class java.time.LocalDate]
2026-02-06 11:47:53,139 :: 61889 [http-nio-8080-exec-9] DEBUG i.s.v.c.c.ModelConverterContextImpl - resolve [simple type, class java.lang.Double]
2026-02-06 11:47:53,216 :: 61966 [http-nio-8080-exec-9] DEBUG i.s.v.c.c.ModelConverterContextImpl - resolve [simple type, class java.lang.String]
2026-02-06 11:47:53,217 :: 61967 [http-nio-8080-exec-9] DEBUG i.s.v.c.c.ModelConverterContextImpl - resolve [simple type, class java.lang.String]
2026-02-06 11:47:53,219 :: 61969 [http-nio-8080-exec-9] DEBUG i.s.v.c.c.ModelConverterContextImpl - resolve [simple type, class java.lang.String]
2026-02-06 11:47:53,221 :: 61971 [http-nio-8080-exec-9] DEBUG i.s.v.c.c.ModelConverterContextImpl - resolve [simple type, class java.time.LocalDateTime]
2026-02-06 11:47:53,225 :: 61975 [http-nio-8080-exec-9] DEBUG i.s.v.c.c.ModelConverterContextImpl - resolve class java.lang.Long
2026-02-06 11:47:53,227 :: 61977 [http-nio-8080-exec-9] DEBUG i.s.v.c.c.ModelConverterContextImpl - resolve org.springframework.http.ResponseEntity<java.util.List<com.hrms.entity.LeaveRequest>>
2026-02-06 11:47:53,227 :: 61977 [http-nio-8080-exec-9] DEBUG i.s.v.c.c.ModelConverterContextImpl - resolve [collection type; class java.util.List, contains [simple type, class com.hrms.entity.LeaveRequest]]
2026-02-06 11:47:53,227 :: 61977 [http-nio-8080-exec-9] DEBUG i.s.v.c.c.ModelConverterContextImpl - resolve [simple type, class com.hrms.entity.LeaveRequest]
2026-02-06 11:47:53,231 :: 61981 [http-nio-8080-exec-9] DEBUG i.s.v.c.c.ModelConverterContextImpl - resolve [simple type, class java.lang.Integer]
2026-02-06 11:47:53,235 :: 61985 [http-nio-8080-exec-9] DEBUG i.s.v.c.c.ModelConverterContextImpl - resolve [simple type, class com.hrms.entity.Employee]
2026-02-06 11:47:53,242 :: 61992 [http-nio-8080-exec-9] DEBUG i.s.v.c.c.ModelConverterContextImpl - resolve [simple type, class java.lang.Integer]
2026-02-06 11:47:53,246 :: 61996 [http-nio-8080-exec-9] DEBUG i.s.v.c.c.ModelConverterContextImpl - resolve [simple type, class java.lang.String]
2026-02-06 11:47:53,255 :: 62005 [http-nio-8080-exec-9] DEBUG i.s.v.c.c.ModelConverterContextImpl - resolve [simple type, class java.lang.String]
2026-02-06 11:47:53,257 :: 62007 [http-nio-8080-exec-9] DEBUG i.s.v.c.c.ModelConverterContextImpl - resolve [simple type, class com.hrms.entity.Role]
2026-02-06 11:47:53,259 :: 62009 [http-nio-8080-exec-9] DEBUG i.s.v.c.c.ModelConverterContextImpl - resolve [simple type, class java.lang.Integer]
2026-02-06 11:47:53,264 :: 62014 [http-nio-8080-exec-9] DEBUG i.s.v.c.c.ModelConverterContextImpl - resolve [simple type, class java.lang.String]
2026-02-06 11:47:53,268 :: 62018 [http-nio-8080-exec-9] DEBUG i.s.v.c.c.ModelConverterContextImpl - resolve [simple type, class java.lang.Integer]
2026-02-06 11:47:53,269 :: 62019 [http-nio-8080-exec-9] DEBUG i.s.v.c.c.ModelConverterContextImpl - resolve [simple type, class java.time.LocalDateTime]
2026-02-06 11:47:53,271 :: 62021 [http-nio-8080-exec-9] DEBUG i.s.v.c.c.ModelConverterContextImpl - resolve [simple type, class com.hrms.entity.Company]
2026-02-06 11:47:53,275 :: 62025 [http-nio-8080-exec-9] DEBUG i.s.v.c.c.ModelConverterContextImpl - resolve [simple type, class java.lang.Integer]
2026-02-06 11:47:53,328 :: 62078 [http-nio-8080-exec-9] DEBUG i.s.v.c.c.ModelConverterContextImpl - resolve [simple type, class java.lang.String]
2026-02-06 11:47:53,331 :: 62081 [http-nio-8080-exec-9] DEBUG i.s.v.c.c.ModelConverterContextImpl - resolve [simple type, class java.time.LocalDateTime]
2026-02-06 11:47:53,335 :: 62085 [http-nio-8080-exec-9] DEBUG i.s.v.c.c.ModelConverterContextImpl - resolve [simple type, class java.time.LocalDate]
2026-02-06 11:47:53,336 :: 62086 [http-nio-8080-exec-9] DEBUG i.s.v.c.c.ModelConverterContextImpl - resolve [simple type, class java.time.LocalDate]
2026-02-06 11:47:53,340 :: 62090 [http-nio-8080-exec-9] DEBUG i.s.v.c.c.ModelConverterContextImpl - resolve [simple type, class com.hrms.entity.Department]
2026-02-06 11:47:53,342 :: 62092 [http-nio-8080-exec-9] DEBUG i.s.v.c.c.ModelConverterContextImpl - resolve [simple type, class java.lang.Long]
2026-02-06 11:47:53,344 :: 62094 [http-nio-8080-exec-9] DEBUG i.s.v.c.c.ModelConverterContextImpl - resolve [simple type, class java.lang.String]
2026-02-06 11:47:53,363 :: 62113 [http-nio-8080-exec-9] DEBUG i.s.v.c.c.ModelConverterContextImpl - resolve [simple type, class com.hrms.entity.Designation]
2026-02-06 11:47:53,364 :: 62114 [http-nio-8080-exec-9] DEBUG i.s.v.c.c.ModelConverterContextImpl - resolve [simple type, class java.lang.Long]
2026-02-06 11:47:53,368 :: 62118 [http-nio-8080-exec-9] DEBUG i.s.v.c.c.ModelConverterContextImpl - resolve [simple type, class java.lang.String]
2026-02-06 11:47:53,376 :: 62126 [http-nio-8080-exec-9] DEBUG i.s.v.c.c.ModelConverterContextImpl - resolve [simple type, class java.time.LocalDate]
2026-02-06 11:47:53,377 :: 62127 [http-nio-8080-exec-9] DEBUG i.s.v.c.c.ModelConverterContextImpl - resolve [simple type, class java.time.LocalDate]
2026-02-06 11:47:53,380 :: 62130 [http-nio-8080-exec-9] DEBUG i.s.v.c.c.ModelConverterContextImpl - resolve [simple type, class java.lang.String]
2026-02-06 11:47:53,394 :: 62144 [http-nio-8080-exec-9] DEBUG i.s.v.c.c.ModelConverterContextImpl - resolve [simple type, class java.lang.Integer]
2026-02-06 11:47:53,397 :: 62147 [http-nio-8080-exec-9] DEBUG i.s.v.c.c.ModelConverterContextImpl - resolve [simple type, class com.hrms.entity.LeaveType]
2026-02-06 11:47:53,399 :: 62149 [http-nio-8080-exec-9] DEBUG i.s.v.c.c.ModelConverterContextImpl - resolve [simple type, class java.lang.Integer]
2026-02-06 11:47:53,400 :: 62150 [http-nio-8080-exec-9] DEBUG i.s.v.c.c.ModelConverterContextImpl - resolve [simple type, class java.lang.String]
2026-02-06 11:47:53,405 :: 62155 [http-nio-8080-exec-9] DEBUG i.s.v.c.c.ModelConverterContextImpl - resolve [simple type, class java.lang.Integer]
2026-02-06 11:47:53,406 :: 62156 [http-nio-8080-exec-9] DEBUG i.s.v.c.c.ModelConverterContextImpl - resolve [simple type, class java.lang.Integer]
2026-02-06 11:47:53,409 :: 62159 [http-nio-8080-exec-9] DEBUG i.s.v.c.c.ModelConverterContextImpl - resolve [simple type, class java.lang.String]
2026-02-06 11:47:53,411 :: 62161 [http-nio-8080-exec-9] DEBUG i.s.v.c.c.ModelConverterContextImpl - resolve [simple type, class java.time.LocalDate]
2026-02-06 11:47:53,414 :: 62164 [http-nio-8080-exec-9] DEBUG i.s.v.c.c.ModelConverterContextImpl - resolve [simple type, class java.time.LocalDate]
2026-02-06 11:47:53,418 :: 62168 [http-nio-8080-exec-9] DEBUG i.s.v.c.c.ModelConverterContextImpl - resolve [simple type, class java.lang.Double]
2026-02-06 11:47:53,420 :: 62170 [http-nio-8080-exec-9] DEBUG i.s.v.c.c.ModelConverterContextImpl - resolve [simple type, class java.lang.String]
2026-02-06 11:47:53,421 :: 62171 [http-nio-8080-exec-9] DEBUG i.s.v.c.c.ModelConverterContextImpl - resolve [simple type, class java.lang.String]
2026-02-06 11:47:53,423 :: 62173 [http-nio-8080-exec-9] DEBUG i.s.v.c.c.ModelConverterContextImpl - resolve [simple type, class java.lang.String]
2026-02-06 11:47:53,425 :: 62175 [http-nio-8080-exec-9] DEBUG i.s.v.c.c.ModelConverterContextImpl - resolve [simple type, class java.time.LocalDateTime]
2026-02-06 11:47:53,454 :: 62204 [http-nio-8080-exec-9] DEBUG i.s.v.c.c.ModelConverterContextImpl - resolve class java.lang.Long
2026-02-06 11:47:53,526 :: 62276 [http-nio-8080-exec-9] DEBUG i.s.v.c.c.ModelConverterContextImpl - resolve org.springframework.http.ResponseEntity<java.util.List<com.hrms.dto.LeaveBalanceDTO>>
2026-02-06 11:47:53,528 :: 62278 [http-nio-8080-exec-9] DEBUG i.s.v.c.c.ModelConverterContextImpl - resolve [collection type; class java.util.List, contains [simple type, class com.hrms.dto.LeaveBalanceDTO]]
2026-02-06 11:47:53,528 :: 62278 [http-nio-8080-exec-9] DEBUG i.s.v.c.c.ModelConverterContextImpl - resolve [simple type, class com.hrms.dto.LeaveBalanceDTO]
2026-02-06 11:47:53,529 :: 62279 [http-nio-8080-exec-9] DEBUG i.s.v.c.c.ModelConverterContextImpl - resolve [simple type, class java.lang.Integer]
2026-02-06 11:47:53,534 :: 62284 [http-nio-8080-exec-9] DEBUG i.s.v.c.c.ModelConverterContextImpl - resolve [simple type, class java.lang.String]
2026-02-06 11:47:53,539 :: 62289 [http-nio-8080-exec-9] DEBUG i.s.v.c.c.ModelConverterContextImpl - resolve [simple type, class java.lang.Double]
2026-02-06 11:47:53,546 :: 62296 [http-nio-8080-exec-9] DEBUG i.s.v.c.c.ModelConverterContextImpl - resolve class java.lang.Long
2026-02-06 11:47:53,548 :: 62298 [http-nio-8080-exec-9] DEBUG i.s.v.c.c.ModelConverterContextImpl - resolve class java.lang.Long
2026-02-06 11:47:53,550 :: 62300 [http-nio-8080-exec-9] DEBUG i.s.v.c.c.ModelConverterContextImpl - resolve class java.lang.Long
2026-02-06 11:47:53,558 :: 62308 [http-nio-8080-exec-9] DEBUG i.s.v.c.c.ModelConverterContextImpl - resolve java.util.List<com.hrms.dto.EmployeeDTO>
2026-02-06 11:47:53,558 :: 62308 [http-nio-8080-exec-9] DEBUG i.s.v.c.c.ModelConverterContextImpl - resolve [simple type, class com.hrms.dto.EmployeeDTO]
2026-02-06 11:47:53,559 :: 62309 [http-nio-8080-exec-9] DEBUG i.s.v.c.c.ModelConverterContextImpl - resolve [simple type, class java.lang.Integer]
2026-02-06 11:47:53,560 :: 62310 [http-nio-8080-exec-9] DEBUG i.s.v.c.c.ModelConverterContextImpl - resolve [simple type, class java.lang.String]
2026-02-06 11:47:53,561 :: 62311 [http-nio-8080-exec-9] DEBUG i.s.v.c.c.ModelConverterContextImpl - resolve [simple type, class java.time.LocalDate]
2026-02-06 11:47:53,569 :: 62319 [http-nio-8080-exec-9] DEBUG i.s.v.c.c.ModelConverterContextImpl - resolve [simple type, class java.lang.Long]
2026-02-06 11:47:53,642 :: 62392 [http-nio-8080-exec-9] DEBUG i.s.v.c.c.ModelConverterContextImpl - resolve class java.lang.Integer
2026-02-06 11:47:53,645 :: 62395 [http-nio-8080-exec-9] DEBUG i.s.v.c.c.ModelConverterContextImpl - resolve org.springframework.http.ResponseEntity<java.util.Map<java.lang.String, java.lang.Object>>
2026-02-06 11:47:53,645 :: 62395 [http-nio-8080-exec-9] DEBUG i.s.v.c.c.ModelConverterContextImpl - resolve [map type; class java.util.Map, [simple type, class java.lang.String] -> [simple type, class java.lang.Object]]
2026-02-06 11:47:53,645 :: 62395 [http-nio-8080-exec-9] DEBUG i.s.v.c.c.ModelConverterContextImpl - resolve [simple type, class java.lang.Object]
2026-02-06 11:47:53,647 :: 62397 [http-nio-8080-exec-9] DEBUG i.s.v.c.c.ModelConverterContextImpl - resolve java.util.List<com.hrms.entity.Company>
2026-02-06 11:47:53,648 :: 62398 [http-nio-8080-exec-9] DEBUG i.s.v.c.c.ModelConverterContextImpl - resolve [simple type, class com.hrms.entity.Company]
2026-02-06 11:47:53,650 :: 62400 [http-nio-8080-exec-9] DEBUG i.s.v.c.c.ModelConverterContextImpl - resolve [simple type, class java.lang.Integer]
2026-02-06 11:47:53,654 :: 62404 [http-nio-8080-exec-9] DEBUG i.s.v.c.c.ModelConverterContextImpl - resolve [simple type, class java.lang.String]
2026-02-06 11:47:53,655 :: 62405 [http-nio-8080-exec-9] DEBUG i.s.v.c.c.ModelConverterContextImpl - resolve [simple type, class java.lang.Integer]
2026-02-06 11:47:53,656 :: 62406 [http-nio-8080-exec-9] DEBUG i.s.v.c.c.ModelConverterContextImpl - resolve [simple type, class java.time.LocalDateTime]
2026-02-06 11:47:53,658 :: 62408 [http-nio-8080-exec-9] DEBUG i.s.v.c.c.ModelConverterContextImpl - resolve [simple type, class java.time.LocalDate]
2026-02-06 11:47:53,660 :: 62410 [http-nio-8080-exec-9] DEBUG i.s.v.c.c.ModelConverterContextImpl - resolve [simple type, class java.time.LocalDate]
2026-02-06 11:47:53,664 :: 62414 [http-nio-8080-exec-9] DEBUG i.s.v.c.c.ModelConverterContextImpl - resolve class java.lang.Integer
2026-02-06 11:47:53,682 :: 62432 [http-nio-8080-exec-9] DEBUG i.s.v.c.c.ModelConverterContextImpl - resolve org.springframework.http.ResponseEntity<java.lang.String>
2026-02-06 11:47:53,682 :: 62432 [http-nio-8080-exec-9] DEBUG i.s.v.c.c.ModelConverterContextImpl - resolve [simple type, class java.lang.String]
2026-02-06 11:47:53,684 :: 62434 [http-nio-8080-exec-9] DEBUG i.s.v.c.c.ModelConverterContextImpl - resolve class java.lang.Integer
2026-02-06 11:47:53,685 :: 62435 [http-nio-8080-exec-9] DEBUG i.s.v.c.c.ModelConverterContextImpl - resolve int
2026-02-06 11:47:53,708 :: 62458 [http-nio-8080-exec-9] DEBUG i.s.v.c.c.ModelConverterContextImpl - resolve org.springframework.http.ResponseEntity<java.util.List<java.util.Map<java.lang.String, java.lang.Object>>>
2026-02-06 11:47:53,709 :: 62459 [http-nio-8080-exec-9] DEBUG i.s.v.c.c.ModelConverterContextImpl - resolve [collection type; class java.util.List, contains [map type; class java.util.Map, [simple type, class java.lang.String] -> [simple type, class java.lang.Object]]]
2026-02-06 11:47:53,709 :: 62459 [http-nio-8080-exec-9] DEBUG i.s.v.c.c.ModelConverterContextImpl - resolve [map type; class java.util.Map, [simple type, class java.lang.String] -> [simple type, class java.lang.Object]]
2026-02-06 11:47:53,709 :: 62459 [http-nio-8080-exec-9] DEBUG i.s.v.c.c.ModelConverterContextImpl - resolve [simple type, class java.lang.Object]
2026-02-06 11:47:53,711 :: 62461 [http-nio-8080-exec-9] DEBUG i.s.v.c.c.ModelConverterContextImpl - resolve class java.lang.Integer
2026-02-06 11:47:53,712 :: 62462 [http-nio-8080-exec-9] DEBUG i.s.v.c.c.ModelConverterContextImpl - resolve int
2026-02-06 11:47:53,713 :: 62463 [http-nio-8080-exec-9] DEBUG i.s.v.c.c.ModelConverterContextImpl - resolve int
2026-02-06 11:47:53,715 :: 62465 [http-nio-8080-exec-9] DEBUG i.s.v.c.c.ModelConverterContextImpl - resolve org.springframework.http.ResponseEntity<java.util.List<com.hrms.dto.EntryExitCdrDTO>>
2026-02-06 11:47:53,715 :: 62465 [http-nio-8080-exec-9] DEBUG i.s.v.c.c.ModelConverterContextImpl - resolve [collection type; class java.util.List, contains [simple type, class com.hrms.dto.EntryExitCdrDTO]]
2026-02-06 11:47:53,715 :: 62465 [http-nio-8080-exec-9] DEBUG i.s.v.c.c.ModelConverterContextImpl - resolve [simple type, class com.hrms.dto.EntryExitCdrDTO]
2026-02-06 11:47:53,718 :: 62468 [http-nio-8080-exec-9] DEBUG i.s.v.c.c.ModelConverterContextImpl - resolve [simple type, class java.lang.Long]
2026-02-06 11:47:53,719 :: 62469 [http-nio-8080-exec-9] DEBUG i.s.v.c.c.ModelConverterContextImpl - resolve [simple type, class java.time.LocalDate]
2026-02-06 11:47:53,722 :: 62472 [http-nio-8080-exec-9] DEBUG i.s.v.c.c.ModelConverterContextImpl - resolve [simple type, class java.time.LocalDateTime]
2026-02-06 11:47:53,729 :: 62479 [http-nio-8080-exec-9] DEBUG i.s.v.c.c.ModelConverterContextImpl - resolve [simple type, class java.lang.String]
2026-02-06 11:47:53,739 :: 62489 [http-nio-8080-exec-9] DEBUG i.s.v.c.c.ModelConverterContextImpl - resolve class java.lang.Integer
2026-02-06 11:47:53,741 :: 62491 [http-nio-8080-exec-9] DEBUG i.s.v.c.c.ModelConverterContextImpl - resolve org.springframework.http.ResponseEntity<java.util.List<com.hrms.dto.EntryExitCdrDTO>>
2026-02-06 11:47:53,741 :: 62491 [http-nio-8080-exec-9] DEBUG i.s.v.c.c.ModelConverterContextImpl - resolve [collection type; class java.util.List, contains [simple type, class com.hrms.dto.EntryExitCdrDTO]]
2026-02-06 11:47:53,741 :: 62491 [http-nio-8080-exec-9] DEBUG i.s.v.c.c.ModelConverterContextImpl - resolve [simple type, class com.hrms.dto.EntryExitCdrDTO]
2026-02-06 11:47:53,742 :: 62492 [http-nio-8080-exec-9] DEBUG i.s.v.c.c.ModelConverterContextImpl - resolve [simple type, class java.lang.Long]
2026-02-06 11:47:53,745 :: 62495 [http-nio-8080-exec-9] DEBUG i.s.v.c.c.ModelConverterContextImpl - resolve [simple type, class java.time.LocalDate]
2026-02-06 11:47:53,746 :: 62496 [http-nio-8080-exec-9] DEBUG i.s.v.c.c.ModelConverterContextImpl - resolve [simple type, class java.time.LocalDateTime]
2026-02-06 11:47:53,756 :: 62506 [http-nio-8080-exec-9] DEBUG i.s.v.c.c.ModelConverterContextImpl - resolve [simple type, class java.lang.String]
2026-02-06 11:47:53,781 :: 62531 [http-nio-8080-exec-9] INFO  o.s.api.AbstractOpenApiResource - Init duration for springdoc-openapi is: 1974 ms
2026-02-06 16:17:33,315 :: 16242065 [http-nio-8080-exec-4] DEBUG o.s.api.AbstractOpenApiResource - Fetching openApi document from cache
2026-02-06 16:30:19,001 :: 17007751 [http-nio-8080-exec-8] DEBUG o.s.api.AbstractOpenApiResource - Fetching openApi document from cache
