2026-02-13 10:27:02,005 :: 2761 [restartedMain] INFO  com.hrms.HrmsApplication - Starting HrmsApplication using Java 25.0.1 with PID 2332 (D:\jiffyhrms\hrms\target\classes started by HP in D:\jiffyhrms\hrms)
2026-02-13 10:27:02,014 :: 2770 [restartedMain] DEBUG com.hrms.HrmsApplication - Running with Spring Boot v4.0.1, Spring v7.0.2
2026-02-13 10:27:02,016 :: 2772 [restartedMain] INFO  com.hrms.HrmsApplication - No active profile set, falling back to 1 default profile: "default"
2026-02-13 10:27:02,390 :: 3146 [restartedMain] INFO  o.s.b.d.e.DevToolsPropertyDefaultsPostProcessor - Devtools property defaults active! Set 'spring.devtools.add-properties' to 'false' to disable
2026-02-13 10:27:02,391 :: 3147 [restartedMain] INFO  o.s.b.d.e.DevToolsPropertyDefaultsPostProcessor - For additional web related logging consider setting the 'logging.level.web' property to 'DEBUG'
2026-02-13 10:27:04,871 :: 5627 [restartedMain] INFO  o.s.d.r.c.RepositoryConfigurationDelegate - Multiple Spring Data modules found, entering strict repository configuration mode
2026-02-13 10:27:04,872 :: 5628 [restartedMain] INFO  o.s.d.r.c.RepositoryConfigurationDelegate - Bootstrapping Spring Data JPA repositories in DEFAULT mode.
2026-02-13 10:27:05,081 :: 5837 [restartedMain] INFO  o.s.d.r.c.RepositoryConfigurationDelegate - Finished Spring Data repository scanning in 184 ms. Found 14 JPA repository interfaces.
2026-02-13 10:27:05,810 :: 6566 [restartedMain] INFO  o.s.d.r.c.RepositoryConfigurationDelegate - Multiple Spring Data modules found, entering strict repository configuration mode
2026-02-13 10:27:05,810 :: 6566 [restartedMain] INFO  o.s.d.r.c.RepositoryConfigurationDelegate - Bootstrapping Spring Data JDBC repositories in DEFAULT mode.
2026-02-13 10:27:05,848 :: 6604 [restartedMain] INFO  o.s.d.r.c.RepositoryConfigurationExtensionSupport - Spring Data JDBC - Could not safely identify store assignment for repository candidate interface com.hrms.repository.AttendanceRepository; If you want this repository to be a JDBC repository, consider annotating your entities with one of these annotations: org.springframework.data.relational.core.mapping.Table.
2026-02-13 10:27:05,849 :: 6605 [restartedMain] INFO  o.s.d.r.c.RepositoryConfigurationExtensionSupport - Spring Data JDBC - Could not safely identify store assignment for repository candidate interface com.hrms.repository.CompanyRepository; If you want this repository to be a JDBC repository, consider annotating your entities with one of these annotations: org.springframework.data.relational.core.mapping.Table.
2026-02-13 10:27:05,849 :: 6605 [restartedMain] INFO  o.s.d.r.c.RepositoryConfigurationExtensionSupport - Spring Data JDBC - Could not safely identify store assignment for repository candidate interface com.hrms.repository.DepartmentRepository; If you want this repository to be a JDBC repository, consider annotating your entities with one of these annotations: org.springframework.data.relational.core.mapping.Table.
2026-02-13 10:27:05,850 :: 6606 [restartedMain] INFO  o.s.d.r.c.RepositoryConfigurationExtensionSupport - Spring Data JDBC - Could not safely identify store assignment for repository candidate interface com.hrms.repository.DesignationRepository; If you want this repository to be a JDBC repository, consider annotating your entities with one of these annotations: org.springframework.data.relational.core.mapping.Table.
2026-02-13 10:27:05,850 :: 6606 [restartedMain] INFO  o.s.d.r.c.RepositoryConfigurationExtensionSupport - Spring Data JDBC - Could not safely identify store assignment for repository candidate interface com.hrms.repository.EmployeeBankDetailsRepository; If you want this repository to be a JDBC repository, consider annotating your entities with one of these annotations: org.springframework.data.relational.core.mapping.Table.
2026-02-13 10:27:05,851 :: 6607 [restartedMain] INFO  o.s.d.r.c.RepositoryConfigurationExtensionSupport - Spring Data JDBC - Could not safely identify store assignment for repository candidate interface com.hrms.repository.EmployeeRepository; If you want this repository to be a JDBC repository, consider annotating your entities with one of these annotations: org.springframework.data.relational.core.mapping.Table.
2026-02-13 10:27:05,851 :: 6607 [restartedMain] INFO  o.s.d.r.c.RepositoryConfigurationExtensionSupport - Spring Data JDBC - Could not safely identify store assignment for repository candidate interface com.hrms.repository.EmployeeSalaryRepository; If you want this repository to be a JDBC repository, consider annotating your entities with one of these annotations: org.springframework.data.relational.core.mapping.Table.
2026-02-13 10:27:05,852 :: 6608 [restartedMain] INFO  o.s.d.r.c.RepositoryConfigurationExtensionSupport - Spring Data JDBC - Could not safely identify store assignment for repository candidate interface com.hrms.repository.EntryExitCdrRepository; If you want this repository to be a JDBC repository, consider annotating your entities with one of these annotations: org.springframework.data.relational.core.mapping.Table.
2026-02-13 10:27:05,854 :: 6610 [restartedMain] INFO  o.s.d.r.c.RepositoryConfigurationExtensionSupport - Spring Data JDBC - Could not safely identify store assignment for repository candidate interface com.hrms.repository.LeaveBalanceRepository; If you want this repository to be a JDBC repository, consider annotating your entities with one of these annotations: org.springframework.data.relational.core.mapping.Table.
2026-02-13 10:27:05,855 :: 6611 [restartedMain] INFO  o.s.d.r.c.RepositoryConfigurationExtensionSupport - Spring Data JDBC - Could not safely identify store assignment for repository candidate interface com.hrms.repository.LeaveRequestRepository; If you want this repository to be a JDBC repository, consider annotating your entities with one of these annotations: org.springframework.data.relational.core.mapping.Table.
2026-02-13 10:27:05,855 :: 6611 [restartedMain] INFO  o.s.d.r.c.RepositoryConfigurationExtensionSupport - Spring Data JDBC - Could not safely identify store assignment for repository candidate interface com.hrms.repository.LeaveTypeRepository; If you want this repository to be a JDBC repository, consider annotating your entities with one of these annotations: org.springframework.data.relational.core.mapping.Table.
2026-02-13 10:27:05,857 :: 6613 [restartedMain] INFO  o.s.d.r.c.RepositoryConfigurationExtensionSupport - Spring Data JDBC - Could not safely identify store assignment for repository candidate interface com.hrms.repository.MenuRepository; If you want this repository to be a JDBC repository, consider annotating your entities with one of these annotations: org.springframework.data.relational.core.mapping.Table.
2026-02-13 10:27:05,858 :: 6614 [restartedMain] INFO  o.s.d.r.c.RepositoryConfigurationExtensionSupport - Spring Data JDBC - Could not safely identify store assignment for repository candidate interface com.hrms.repository.RoleRepository; If you want this repository to be a JDBC repository, consider annotating your entities with one of these annotations: org.springframework.data.relational.core.mapping.Table.
2026-02-13 10:27:05,859 :: 6615 [restartedMain] INFO  o.s.d.r.c.RepositoryConfigurationExtensionSupport - Spring Data JDBC - Could not safely identify store assignment for repository candidate interface com.hrms.repository.UserRepository; If you want this repository to be a JDBC repository, consider annotating your entities with one of these annotations: org.springframework.data.relational.core.mapping.Table.
2026-02-13 10:27:05,859 :: 6615 [restartedMain] INFO  o.s.d.r.c.RepositoryConfigurationDelegate - Finished Spring Data repository scanning in 44 ms. Found 0 JDBC repository interfaces.
2026-02-13 10:27:08,000 :: 8756 [restartedMain] INFO  o.s.boot.tomcat.TomcatWebServer - Tomcat initialized with port 8081 (http)
2026-02-13 10:27:08,050 :: 8806 [restartedMain] INFO  o.a.coyote.http11.Http11NioProtocol - Initializing ProtocolHandler ["http-nio-8081"]
2026-02-13 10:27:08,058 :: 8814 [restartedMain] INFO  o.a.catalina.core.StandardService - Starting service [Tomcat]
2026-02-13 10:27:08,058 :: 8814 [restartedMain] INFO  o.a.catalina.core.StandardEngine - Starting Servlet engine: [Apache Tomcat/11.0.15]
2026-02-13 10:27:08,248 :: 9004 [restartedMain] INFO  o.s.b.w.c.s.WebApplicationContextInitializer - Root WebApplicationContext: initialization completed in 5856 ms
2026-02-13 10:27:08,388 :: 9144 [restartedMain] DEBUG com.zaxxer.hikari.util.UtilityElf - Class com.mysql.cj.jdbc.Driver found in Thread context class loader TomcatEmbeddedWebappClassLoader
  context: ROOT
  delegate: true
----------> Parent Classloader:
org.springframework.boot.devtools.restart.classloader.RestartClassLoader@17ea9386

2026-02-13 10:27:08,663 :: 9419 [restartedMain] DEBUG org.jboss.logging - Logging Provider: org.jboss.logging.Slf4jLoggerProvider found via system property
2026-02-13 10:27:10,721 :: 11477 [restartedMain] INFO  o.s.o.j.p.SpringPersistenceUnitInfo - No LoadTimeWeaver setup: ignoring JPA class transformer
2026-02-13 10:27:10,814 :: 11570 [restartedMain] DEBUG com.zaxxer.hikari.HikariConfig - HikariPool-1 - configuration:
2026-02-13 10:27:10,818 :: 11574 [restartedMain] DEBUG com.zaxxer.hikari.HikariConfig - allowPoolSuspension.............false
2026-02-13 10:27:10,818 :: 11574 [restartedMain] DEBUG com.zaxxer.hikari.HikariConfig - autoCommit......................true
2026-02-13 10:27:10,818 :: 11574 [restartedMain] DEBUG com.zaxxer.hikari.HikariConfig - catalog.........................none
2026-02-13 10:27:10,818 :: 11574 [restartedMain] DEBUG com.zaxxer.hikari.HikariConfig - connectionInitSql...............none
2026-02-13 10:27:10,818 :: 11574 [restartedMain] DEBUG com.zaxxer.hikari.HikariConfig - connectionTestQuery.............none
2026-02-13 10:27:10,821 :: 11577 [restartedMain] DEBUG com.zaxxer.hikari.HikariConfig - connectionTimeout...............30000
2026-02-13 10:27:10,821 :: 11577 [restartedMain] DEBUG com.zaxxer.hikari.HikariConfig - credentials.....................com.zaxxer.hikari.util.Credentials@11a2c3aa
2026-02-13 10:27:10,821 :: 11577 [restartedMain] DEBUG com.zaxxer.hikari.HikariConfig - credentialsProvider.............none
2026-02-13 10:27:10,822 :: 11578 [restartedMain] DEBUG com.zaxxer.hikari.HikariConfig - credentialsProviderClassName....none
2026-02-13 10:27:10,822 :: 11578 [restartedMain] DEBUG com.zaxxer.hikari.HikariConfig - dataSource......................none
2026-02-13 10:27:10,822 :: 11578 [restartedMain] DEBUG com.zaxxer.hikari.HikariConfig - dataSourceClassName.............none
2026-02-13 10:27:10,822 :: 11578 [restartedMain] DEBUG com.zaxxer.hikari.HikariConfig - dataSourceJNDI..................none
2026-02-13 10:27:10,823 :: 11579 [restartedMain] DEBUG com.zaxxer.hikari.HikariConfig - dataSourceProperties............{password=<masked>}
2026-02-13 10:27:10,823 :: 11579 [restartedMain] DEBUG com.zaxxer.hikari.HikariConfig - driverClassName................."com.mysql.cj.jdbc.Driver"
2026-02-13 10:27:10,824 :: 11580 [restartedMain] DEBUG com.zaxxer.hikari.HikariConfig - exceptionOverride...............none
2026-02-13 10:27:10,824 :: 11580 [restartedMain] DEBUG com.zaxxer.hikari.HikariConfig - exceptionOverrideClassName......none
2026-02-13 10:27:10,824 :: 11580 [restartedMain] DEBUG com.zaxxer.hikari.HikariConfig - healthCheckProperties...........{}
2026-02-13 10:27:10,824 :: 11580 [restartedMain] DEBUG com.zaxxer.hikari.HikariConfig - healthCheckRegistry.............none
2026-02-13 10:27:10,824 :: 11580 [restartedMain] DEBUG com.zaxxer.hikari.HikariConfig - idleTimeout.....................600000
2026-02-13 10:27:10,825 :: 11581 [restartedMain] DEBUG com.zaxxer.hikari.HikariConfig - initializationFailTimeout.......1
2026-02-13 10:27:10,825 :: 11581 [restartedMain] DEBUG com.zaxxer.hikari.HikariConfig - isolateInternalQueries..........false
2026-02-13 10:27:10,825 :: 11581 [restartedMain] DEBUG com.zaxxer.hikari.HikariConfig - jdbcUrl.........................jdbc:mysql://localhost:3306/jiffyhrms?createDatabaseIfNotExist=true&useSSL=false&allowPublicKeyRetrieval=true
2026-02-13 10:27:10,825 :: 11581 [restartedMain] DEBUG com.zaxxer.hikari.HikariConfig - keepaliveTime...................120000
2026-02-13 10:27:10,826 :: 11582 [restartedMain] DEBUG com.zaxxer.hikari.HikariConfig - leakDetectionThreshold..........0
2026-02-13 10:27:10,826 :: 11582 [restartedMain] DEBUG com.zaxxer.hikari.HikariConfig - maxLifetime.....................1800000
2026-02-13 10:27:10,826 :: 11582 [restartedMain] DEBUG com.zaxxer.hikari.HikariConfig - maximumPoolSize.................10
2026-02-13 10:27:10,826 :: 11582 [restartedMain] DEBUG com.zaxxer.hikari.HikariConfig - metricRegistry..................none
2026-02-13 10:27:10,826 :: 11582 [restartedMain] DEBUG com.zaxxer.hikari.HikariConfig - metricsTrackerFactory...........none
2026-02-13 10:27:10,826 :: 11582 [restartedMain] DEBUG com.zaxxer.hikari.HikariConfig - minimumIdle.....................10
2026-02-13 10:27:10,827 :: 11583 [restartedMain] DEBUG com.zaxxer.hikari.HikariConfig - password........................<masked>
2026-02-13 10:27:10,827 :: 11583 [restartedMain] DEBUG com.zaxxer.hikari.HikariConfig - poolName........................"HikariPool-1"
2026-02-13 10:27:10,827 :: 11583 [restartedMain] DEBUG com.zaxxer.hikari.HikariConfig - readOnly........................false
2026-02-13 10:27:10,827 :: 11583 [restartedMain] DEBUG com.zaxxer.hikari.HikariConfig - registerMbeans..................false
2026-02-13 10:27:10,833 :: 11589 [restartedMain] DEBUG com.zaxxer.hikari.HikariConfig - scheduledExecutor...............none
2026-02-13 10:27:10,834 :: 11590 [restartedMain] DEBUG com.zaxxer.hikari.HikariConfig - schema..........................none
2026-02-13 10:27:10,834 :: 11590 [restartedMain] DEBUG com.zaxxer.hikari.HikariConfig - threadFactory...................internal
2026-02-13 10:27:10,834 :: 11590 [restartedMain] DEBUG com.zaxxer.hikari.HikariConfig - transactionIsolation............default
2026-02-13 10:27:10,834 :: 11590 [restartedMain] DEBUG com.zaxxer.hikari.HikariConfig - username........................"root"
2026-02-13 10:27:10,835 :: 11591 [restartedMain] DEBUG com.zaxxer.hikari.HikariConfig - validationTimeout...............5000
2026-02-13 10:27:10,835 :: 11591 [restartedMain] INFO  com.zaxxer.hikari.HikariDataSource - HikariPool-1 - Starting...
2026-02-13 10:27:10,900 :: 11656 [restartedMain] DEBUG com.zaxxer.hikari.pool.PoolBase - HikariPool-1 - Attempting to create/setup new connection (c8db904d-e0a1-462e-afb6-80df7aa66f02)
2026-02-13 10:27:11,297 :: 12053 [restartedMain] DEBUG com.zaxxer.hikari.pool.PoolBase - HikariPool-1 - Established new connection (c8db904d-e0a1-462e-afb6-80df7aa66f02)
2026-02-13 10:27:11,303 :: 12059 [restartedMain] INFO  com.zaxxer.hikari.pool.HikariPool - HikariPool-1 - Added connection com.mysql.cj.jdbc.ConnectionImpl@4befcea4
2026-02-13 10:27:11,306 :: 12062 [restartedMain] INFO  com.zaxxer.hikari.HikariDataSource - HikariPool-1 - Start completed.
2026-02-13 10:27:11,407 :: 12163 [HikariPool-1:housekeeper] DEBUG com.zaxxer.hikari.pool.HikariPool - HikariPool-1 - Pool stats (total=1/10, idle=0/10, active=1, waiting=0)
2026-02-13 10:27:11,408 :: 12164 [HikariPool-1:connection-adder] DEBUG com.zaxxer.hikari.pool.PoolBase - HikariPool-1 - Attempting to create/setup new connection (9cc3b020-0cf0-4bac-965f-45e47682f523)
2026-02-13 10:27:11,421 :: 12177 [HikariPool-1:connection-adder] DEBUG com.zaxxer.hikari.pool.PoolBase - HikariPool-1 - Established new connection (9cc3b020-0cf0-4bac-965f-45e47682f523)
2026-02-13 10:27:11,421 :: 12177 [HikariPool-1:connection-adder] DEBUG com.zaxxer.hikari.pool.HikariPool - HikariPool-1 - Added connection com.mysql.cj.jdbc.ConnectionImpl@351b8245
2026-02-13 10:27:11,454 :: 12210 [HikariPool-1:connection-adder] DEBUG com.zaxxer.hikari.pool.HikariPool - HikariPool-1 - After adding stats (total=2/10, idle=1/10, active=1, waiting=0)
2026-02-13 10:27:11,454 :: 12210 [HikariPool-1:connection-adder] DEBUG com.zaxxer.hikari.pool.PoolBase - HikariPool-1 - Attempting to create/setup new connection (9393f0c5-4e18-44dc-8cc7-3165f19a6942)
2026-02-13 10:27:11,465 :: 12221 [HikariPool-1:connection-adder] DEBUG com.zaxxer.hikari.pool.PoolBase - HikariPool-1 - Established new connection (9393f0c5-4e18-44dc-8cc7-3165f19a6942)
2026-02-13 10:27:11,466 :: 12222 [HikariPool-1:connection-adder] DEBUG com.zaxxer.hikari.pool.HikariPool - HikariPool-1 - Added connection com.mysql.cj.jdbc.ConnectionImpl@2cf81baf
2026-02-13 10:27:11,496 :: 12252 [HikariPool-1:connection-adder] DEBUG com.zaxxer.hikari.pool.HikariPool - HikariPool-1 - After adding stats (total=3/10, idle=3/10, active=0, waiting=0)
2026-02-13 10:27:11,496 :: 12252 [HikariPool-1:connection-adder] DEBUG com.zaxxer.hikari.pool.PoolBase - HikariPool-1 - Attempting to create/setup new connection (5b6a3ca3-8ca9-47dd-959d-31c6275b60fd)
2026-02-13 10:27:11,505 :: 12261 [HikariPool-1:connection-adder] DEBUG com.zaxxer.hikari.pool.PoolBase - HikariPool-1 - Established new connection (5b6a3ca3-8ca9-47dd-959d-31c6275b60fd)
2026-02-13 10:27:11,505 :: 12261 [HikariPool-1:connection-adder] DEBUG com.zaxxer.hikari.pool.HikariPool - HikariPool-1 - Added connection com.mysql.cj.jdbc.ConnectionImpl@542c70b2
2026-02-13 10:27:11,537 :: 12293 [HikariPool-1:connection-adder] DEBUG com.zaxxer.hikari.pool.HikariPool - HikariPool-1 - After adding stats (total=4/10, idle=4/10, active=0, waiting=0)
2026-02-13 10:27:11,537 :: 12293 [HikariPool-1:connection-adder] DEBUG com.zaxxer.hikari.pool.PoolBase - HikariPool-1 - Attempting to create/setup new connection (8060c8b3-52d2-41a0-91cd-deff7c1bde6a)
2026-02-13 10:27:11,548 :: 12304 [HikariPool-1:connection-adder] DEBUG com.zaxxer.hikari.pool.PoolBase - HikariPool-1 - Established new connection (8060c8b3-52d2-41a0-91cd-deff7c1bde6a)
2026-02-13 10:27:11,549 :: 12305 [HikariPool-1:connection-adder] DEBUG com.zaxxer.hikari.pool.HikariPool - HikariPool-1 - Added connection com.mysql.cj.jdbc.ConnectionImpl@78c0237c
2026-02-13 10:27:11,580 :: 12336 [HikariPool-1:connection-adder] DEBUG com.zaxxer.hikari.pool.HikariPool - HikariPool-1 - After adding stats (total=5/10, idle=5/10, active=0, waiting=0)
2026-02-13 10:27:11,580 :: 12336 [HikariPool-1:connection-adder] DEBUG com.zaxxer.hikari.pool.PoolBase - HikariPool-1 - Attempting to create/setup new connection (b0b6efad-7e89-4fb5-a0f9-b7bf08ccbd79)
2026-02-13 10:27:11,590 :: 12346 [HikariPool-1:connection-adder] DEBUG com.zaxxer.hikari.pool.PoolBase - HikariPool-1 - Established new connection (b0b6efad-7e89-4fb5-a0f9-b7bf08ccbd79)
2026-02-13 10:27:11,591 :: 12347 [HikariPool-1:connection-adder] DEBUG com.zaxxer.hikari.pool.HikariPool - HikariPool-1 - Added connection com.mysql.cj.jdbc.ConnectionImpl@4f28d9aa
2026-02-13 10:27:11,622 :: 12378 [HikariPool-1:connection-adder] DEBUG com.zaxxer.hikari.pool.HikariPool - HikariPool-1 - After adding stats (total=6/10, idle=6/10, active=0, waiting=0)
2026-02-13 10:27:11,622 :: 12378 [HikariPool-1:connection-adder] DEBUG com.zaxxer.hikari.pool.PoolBase - HikariPool-1 - Attempting to create/setup new connection (36059986-4a8a-4761-bf9c-98dcf4f69ac9)
2026-02-13 10:27:11,631 :: 12387 [HikariPool-1:connection-adder] DEBUG com.zaxxer.hikari.pool.PoolBase - HikariPool-1 - Established new connection (36059986-4a8a-4761-bf9c-98dcf4f69ac9)
2026-02-13 10:27:11,631 :: 12387 [HikariPool-1:connection-adder] DEBUG com.zaxxer.hikari.pool.HikariPool - HikariPool-1 - Added connection com.mysql.cj.jdbc.ConnectionImpl@69e59536
2026-02-13 10:27:11,661 :: 12417 [HikariPool-1:connection-adder] DEBUG com.zaxxer.hikari.pool.HikariPool - HikariPool-1 - After adding stats (total=7/10, idle=7/10, active=0, waiting=0)
2026-02-13 10:27:11,661 :: 12417 [HikariPool-1:connection-adder] DEBUG com.zaxxer.hikari.pool.PoolBase - HikariPool-1 - Attempting to create/setup new connection (d85776f1-bc7a-4b46-afa2-c22c6e0a9012)
2026-02-13 10:27:11,669 :: 12425 [HikariPool-1:connection-adder] DEBUG com.zaxxer.hikari.pool.PoolBase - HikariPool-1 - Established new connection (d85776f1-bc7a-4b46-afa2-c22c6e0a9012)
2026-02-13 10:27:11,670 :: 12426 [HikariPool-1:connection-adder] DEBUG com.zaxxer.hikari.pool.HikariPool - HikariPool-1 - Added connection com.mysql.cj.jdbc.ConnectionImpl@2c8c4604
2026-02-13 10:27:11,700 :: 12456 [HikariPool-1:connection-adder] DEBUG com.zaxxer.hikari.pool.HikariPool - HikariPool-1 - After adding stats (total=8/10, idle=8/10, active=0, waiting=0)
2026-02-13 10:27:11,700 :: 12456 [HikariPool-1:connection-adder] DEBUG com.zaxxer.hikari.pool.PoolBase - HikariPool-1 - Attempting to create/setup new connection (0f36a380-0be7-4035-9b5b-17bf3a64028a)
2026-02-13 10:27:11,709 :: 12465 [HikariPool-1:connection-adder] DEBUG com.zaxxer.hikari.pool.PoolBase - HikariPool-1 - Established new connection (0f36a380-0be7-4035-9b5b-17bf3a64028a)
2026-02-13 10:27:11,709 :: 12465 [HikariPool-1:connection-adder] DEBUG com.zaxxer.hikari.pool.HikariPool - HikariPool-1 - Added connection com.mysql.cj.jdbc.ConnectionImpl@45929693
2026-02-13 10:27:11,745 :: 12501 [HikariPool-1:connection-adder] DEBUG com.zaxxer.hikari.pool.HikariPool - HikariPool-1 - After adding stats (total=9/10, idle=9/10, active=0, waiting=0)
2026-02-13 10:27:11,746 :: 12502 [HikariPool-1:connection-adder] DEBUG com.zaxxer.hikari.pool.PoolBase - HikariPool-1 - Attempting to create/setup new connection (b4259774-a4c2-45a3-89f4-9512906e311a)
2026-02-13 10:27:11,766 :: 12522 [HikariPool-1:connection-adder] DEBUG com.zaxxer.hikari.pool.PoolBase - HikariPool-1 - Established new connection (b4259774-a4c2-45a3-89f4-9512906e311a)
2026-02-13 10:27:11,767 :: 12523 [HikariPool-1:connection-adder] DEBUG com.zaxxer.hikari.pool.HikariPool - HikariPool-1 - Added connection com.mysql.cj.jdbc.ConnectionImpl@2fd0aa1a
2026-02-13 10:27:11,799 :: 12555 [HikariPool-1:connection-adder] DEBUG com.zaxxer.hikari.pool.HikariPool - HikariPool-1 - After adding stats (total=10/10, idle=10/10, active=0, waiting=0)
2026-02-13 10:27:11,799 :: 12555 [HikariPool-1:connection-adder] DEBUG com.zaxxer.hikari.pool.HikariPool - HikariPool-1 - Connection not added, stats (total=10/10, idle=10/10, active=0, waiting=0)
2026-02-13 10:27:14,649 :: 15405 [restartedMain] INFO  o.s.o.j.LocalContainerEntityManagerFactoryBean - Initialized JPA EntityManagerFactory for persistence unit 'default'
2026-02-13 10:27:14,957 :: 15713 [restartedMain] INFO  o.s.d.j.r.q.QueryEnhancerFactories - Hibernate is in classpath; If applicable, HQL parser will be used.
2026-02-13 10:27:15,722 :: 16478 [restartedMain] DEBUG com.hrms.filter.JwtRequestFilter - Filter 'jwtRequestFilter' configured for use
2026-02-13 10:27:16,798 :: 17554 [restartedMain] WARN  o.s.b.j.a.JpaBaseConfiguration$JpaWebConfiguration - spring.jpa.open-in-view is enabled by default. Therefore, database queries may be performed during view rendering. Explicitly configure spring.jpa.open-in-view to disable this warning
2026-02-13 10:27:16,974 :: 17730 [restartedMain] INFO  o.s.s.c.a.a.c.InitializeAuthenticationProviderBeanManagerConfigurer$InitializeAuthenticationProviderManagerConfigurer - Global AuthenticationManager configured with AuthenticationProvider bean with name authenticationProvider
2026-02-13 10:27:16,975 :: 17731 [restartedMain] WARN  o.s.s.c.a.a.c.InitializeUserDetailsBeanManagerConfigurer$InitializeUserDetailsManagerConfigurer - Global AuthenticationManager configured with an AuthenticationProvider bean. UserDetailsService beans will not be used by Spring Security for automatically configuring username/password login. Consider removing the AuthenticationProvider bean. Alternatively, consider using the UserDetailsService in a manually instantiated DaoAuthenticationProvider. If the current configuration is intentional, to turn off this warning, increase the logging level of 'org.springframework.security.config.annotation.authentication.configuration.InitializeUserDetailsBeanManagerConfigurer' to ERROR
2026-02-13 10:27:17,556 :: 18312 [restartedMain] INFO  o.s.v.b.OptionalValidatorFactoryBean - Failed to set up a Bean Validation provider: jakarta.validation.NoProviderFoundException: Unable to create a Configuration, because no Jakarta Validation provider could be found. Add a provider like Hibernate Validator (RI) to your classpath.
2026-02-13 10:27:17,642 :: 18398 [restartedMain] DEBUG _.s.w.s.HandlerMapping.Mappings - 
	c.h.c.AttendanceController:
	{GET [/api/attendance/status/{empId}]}: getStatus(Integer)
	{POST [/api/attendance/check-in]}: checkIn(Integer,String)
	{GET [/api/attendance/logs/{empId}]}: getLogs(Integer)
	{POST [/api/attendance/check-out]}: checkOut(Integer,String)
	{GET [/api/attendance/report/daily]}: getDailyReport(Integer,int,int)
	{POST [/api/attendance/reconcile-multi], consumes [multipart/form-data]}: reconcileMultiSource(MultipartFile,String)
	{POST [/api/attendance/reconcile-full], consumes [multipart/form-data]}: reconcileFull(MultipartFile,String)
	{GET [/api/attendance/report/monthly]}: getMonthlyReport(Integer,int)
2026-02-13 10:27:17,665 :: 18421 [restartedMain] DEBUG _.s.w.s.HandlerMapping.Mappings - 
	c.h.c.AuthController:
	{POST [/api/auth/login]}: login(LoginRequest)
2026-02-13 10:27:17,668 :: 18424 [restartedMain] DEBUG _.s.w.s.HandlerMapping.Mappings - 
	c.h.c.CompanyController:
	{GET [/api/companies]}: getAllCompanies()
2026-02-13 10:27:17,671 :: 18427 [restartedMain] DEBUG _.s.w.s.HandlerMapping.Mappings - 
	c.h.c.DetailsController:
	{GET [/api/master/designations]}: getDesignations(Long)
	{GET [/api/master/departments]}: getDepartments(Long)
2026-02-13 10:27:17,677 :: 18433 [restartedMain] DEBUG _.s.w.s.HandlerMapping.Mappings - 
	c.h.c.EmployeeController:
	{GET [/api/employees/{id}]}: getEmployee(Integer)
	{POST [/api/employees/update/{id}]}: updateEmployee(Integer,Map)
	{POST [/api/employees/delete/{id}]}: deleteEmployee(Integer)
	{POST [/api/employees]}: addEmployee(Map)
	{GET [/api/employees]}: listEmployees(Long,Long,Long)
2026-02-13 10:27:17,685 :: 18441 [restartedMain] DEBUG _.s.w.s.HandlerMapping.Mappings - 
	c.h.c.LeaveController:
	{GET [/api/leaves/history/{empId}]}: getHistory(Long)
	{GET [/api/leaves/balance/{empId}]}: getBalances(Long)
	{POST [/api/leaves/apply]}: applyForLeave(LeaveRequestDTO)
	{GET [/api/leaves/pending]}: getPendingRequests()
	{POST [/api/leaves/process/{requestId}]}: processLeave(Long,Map)
2026-02-13 10:27:17,689 :: 18445 [restartedMain] DEBUG _.s.w.s.HandlerMapping.Mappings - 
	c.h.c.MenuController:
	{GET [/api/menus/{roleId}]}: getUserMenus(Long)
2026-02-13 10:27:17,691 :: 18447 [restartedMain] DEBUG _.s.w.s.HandlerMapping.Mappings - 
	c.h.c.SalaryController:
	{GET [/api/salary/download]}: downloadSalarySlip(Integer,String,int,Principal)
2026-02-13 10:27:17,698 :: 18454 [restartedMain] DEBUG _.s.w.s.HandlerMapping.Mappings - 
	o.s.b.w.a.e.BasicErrorController:
	{ [/error]}: error(HttpServletRequest)
	{ [/error], produces [text/html]}: errorHtml(HttpServletRequest,HttpServletResponse)
2026-02-13 10:27:17,740 :: 18496 [restartedMain] DEBUG _.s.w.s.HandlerMapping.Mappings - 
	o.s.w.a.OpenApiWebMvcResource:
	{GET [/v3/api-docs.yaml], produces [application/vnd.oai.openapi]}: openapiYaml(HttpServletRequest,String,Locale)
	{GET [/v3/api-docs], produces [application/json]}: openapiJson(HttpServletRequest,String,Locale)
2026-02-13 10:27:17,749 :: 18505 [restartedMain] DEBUG _.s.w.s.HandlerMapping.Mappings - 
	o.s.w.u.SwaggerWelcomeWebMvc:
	{GET [/swagger-ui.html]}: redirectToUi(HttpServletRequest)
2026-02-13 10:27:17,759 :: 18515 [restartedMain] DEBUG _.s.w.s.HandlerMapping.Mappings - 
	o.s.w.u.SwaggerConfigResource:
	{GET [/v3/api-docs/swagger-config], produces [application/json]}: openapiJson(HttpServletRequest)
2026-02-13 10:27:17,795 :: 18551 [restartedMain] DEBUG _.s.w.s.HandlerMapping.Mappings - 'beanNameHandlerMapping' {}
2026-02-13 10:27:17,852 :: 18608 [restartedMain] DEBUG _.s.w.s.HandlerMapping.Mappings - 'resourceHandlerMapping' {/webjars/**=ResourceHttpRequestHandler [classpath [META-INF/resources/webjars/]], /**=ResourceHttpRequestHandler [classpath [META-INF/resources/], classpath [resources/], classpath [static/], classpath [public/], ServletContext [/]], /swagger-ui*/*swagger-initializer.js=ResourceHttpRequestHandler [classpath [META-INF/resources/webjars/]], /swagger-ui*/**=ResourceHttpRequestHandler [classpath [META-INF/resources/webjars/]]}
2026-02-13 10:27:18,827 :: 19583 [restartedMain] INFO  o.a.coyote.http11.Http11NioProtocol - Starting ProtocolHandler ["http-nio-8081"]
2026-02-13 10:27:18,862 :: 19618 [restartedMain] INFO  o.s.boot.tomcat.TomcatWebServer - Tomcat started on port 8081 (http) with context path '/'
2026-02-13 10:27:18,879 :: 19635 [restartedMain] INFO  com.hrms.HrmsApplication - Started HrmsApplication in 18.726 seconds (process running for 21.608)
2026-02-13 10:27:41,410 :: 42166 [HikariPool-1:housekeeper] DEBUG com.zaxxer.hikari.pool.HikariPool - HikariPool-1 - Pool stats (total=10/10, idle=10/10, active=0, waiting=0)
2026-02-13 10:27:41,411 :: 42167 [HikariPool-1:housekeeper] DEBUG com.zaxxer.hikari.pool.HikariPool - HikariPool-1 - Fill pool skipped, pool has sufficient level or currently being filled.
